This is pdfTeX, Version 3.14159265-2.6-1.40.20 (TeX Live 2019/Debian) (preloaded format=pdflatex 2019.10.22)  29 OCT 2019 10:22
entering extended mode
 restricted \write18 enabled.
 file:line:error style messages enabled.
 %&-line parsing enabled.
**/home/ramires/GIT/Arduino-UEM/Documentação/PPC-Arduino.tex
(/home/ramires/GIT/Arduino-UEM/Documentação/PPC-Arduino.tex
LaTeX2e <2018-12-01>
(/usr/share/texlive/texmf-dist/tex/latex/base/article.cls
Document Class: article 2018/09/03 v1.4i Standard LaTeX document class
(/usr/share/texlive/texmf-dist/tex/latex/base/size12.clo
File: size12.clo 2018/09/03 v1.4i Standard LaTeX file (size option)
)
\c@part=\count80
\c@section=\count81
\c@subsection=\count82
\c@subsubsection=\count83
\c@paragraph=\count84
\c@subparagraph=\count85
\c@figure=\count86
\c@table=\count87
\abovecaptionskip=\skip41
\belowcaptionskip=\skip42
\bibindent=\dimen102
) (/home/ramires/GIT/Arduino-UEM/Documentação/sbc-template.sty
Package: sbc-template 2001/06/09
 (/usr/share/texlive/texmf-dist/tex/latex/geometry/geometry.sty
Package: geometry 2018/04/16 v5.8 Page Geometry
 (/usr/share/texlive/texmf-dist/tex/latex/graphics/keyval.sty
Package: keyval 2014/10/28 v1.15 key=value parser (DPC)
\KV@toks@=\toks14
) (/usr/share/texlive/texmf-dist/tex/generic/oberdiek/ifpdf.sty
Package: ifpdf 2018/09/07 v3.3 Provides the ifpdf switch
) (/usr/share/texlive/texmf-dist/tex/generic/oberdiek/ifvtex.sty
Package: ifvtex 2016/05/16 v1.6 Detect VTeX and its facilities (HO)
Package ifvtex Info: VTeX not detected.
) (/usr/share/texlive/texmf-dist/tex/generic/ifxetex/ifxetex.sty
Package: ifxetex 2010/09/12 v0.6 Provides ifxetex conditional
)
\Gm@cnth=\count88
\Gm@cntv=\count89
\c@Gm@tempcnt=\count90
\Gm@bindingoffset=\dimen103
\Gm@wd@mp=\dimen104
\Gm@odd@mp=\dimen105
\Gm@even@mp=\dimen106
\Gm@layoutwidth=\dimen107
\Gm@layoutheight=\dimen108
\Gm@layouthoffset=\dimen109
\Gm@layoutvoffset=\dimen110
\Gm@dimlist=\toks15
) (/home/ramires/GIT/Arduino-UEM/Documentação/caption2.sty
Package: caption2 2002/08/03 v2.1 Customising captions (AS)
\captionmargin=\dimen111
\captionwidth=\dimen112
\captionindent=\dimen113
Package caption2 Info: Running in caption2 v2.0 compatibility mode on input line 147.
\captionlinewidth=\dimen114
) (/usr/share/texlive/texmf-dist/tex/latex/psnfss/times.sty
Package: times 2005/04/12 PSNFSS-v9.2a (SPQR) 
)
\c@instn=\count91
 (/usr/share/texlive/texmf-dist/tex/latex/titlesec/titlesec.sty
Package: titlesec 2016/03/21 v2.10.2 Sectioning titles
\ttl@box=\box27
\beforetitleunit=\skip43
\aftertitleunit=\skip44
\ttl@plus=\dimen115
\ttl@minus=\dimen116
\ttl@toksa=\toks16
\titlewidth=\dimen117
\titlewidthlast=\dimen118
\titlewidthfirst=\dimen119
)) (/usr/share/texlive/texmf-dist/tex/latex/hyperref/hyperref.sty
Package: hyperref 2018/11/30 v6.88e Hypertext links for LaTeX
 (/usr/share/texlive/texmf-dist/tex/generic/oberdiek/hobsub-hyperref.sty
Package: hobsub-hyperref 2016/05/16 v1.14 Bundle oberdiek, subset hyperref (HO)
 (/usr/share/texlive/texmf-dist/tex/generic/oberdiek/hobsub-generic.sty
Package: hobsub-generic 2016/05/16 v1.14 Bundle oberdiek, subset generic (HO)
Package: hobsub 2016/05/16 v1.14 Construct package bundles (HO)
Package: infwarerr 2016/05/16 v1.4 Providing info/warning/error messages (HO)
Package: ltxcmds 2016/05/16 v1.23 LaTeX kernel commands for general use (HO)
Package: ifluatex 2016/05/16 v1.4 Provides the ifluatex switch (HO)
Package ifluatex Info: LuaTeX not detected.
Package hobsub Info: Skipping package `ifvtex' (already loaded).
Package: intcalc 2016/05/16 v1.2 Expandable calculations with integers (HO)
Package hobsub Info: Skipping package `ifpdf' (already loaded).
Package: etexcmds 2016/05/16 v1.6 Avoid name clashes with e-TeX commands (HO)
Package: kvsetkeys 2016/05/16 v1.17 Key value parser (HO)
Package: kvdefinekeys 2016/05/16 v1.4 Define keys (HO)
Package: pdftexcmds 2018/09/10 v0.29 Utility functions of pdfTeX for LuaTeX (HO)
Package pdftexcmds Info: LuaTeX not detected.
Package pdftexcmds Info: \pdf@primitive is available.
Package pdftexcmds Info: \pdf@ifprimitive is available.
Package pdftexcmds Info: \pdfdraftmode found.
Package: pdfescape 2016/05/16 v1.14 Implements pdfTeX's escape features (HO)
Package: bigintcalc 2016/05/16 v1.4 Expandable calculations on big integers (HO)
Package: bitset 2016/05/16 v1.2 Handle bit-vector datatype (HO)
Package: uniquecounter 2016/05/16 v1.3 Provide unlimited unique counter (HO)
)
Package hobsub Info: Skipping package `hobsub' (already loaded).
Package: letltxmacro 2016/05/16 v1.5 Let assignment for LaTeX macros (HO)
Package: hopatch 2016/05/16 v1.3 Wrapper for package hooks (HO)
Package: xcolor-patch 2016/05/16 xcolor patch
Package: atveryend 2016/05/16 v1.9 Hooks at the very end of document (HO)
Package atveryend Info: \enddocument detected (standard20110627).
Package: atbegshi 2016/06/09 v1.18 At begin shipout hook (HO)
Package: refcount 2016/05/16 v3.5 Data extraction from label references (HO)
Package: hycolor 2016/05/16 v1.8 Color options for hyperref/bookmark (HO)
) (/usr/share/texlive/texmf-dist/tex/latex/oberdiek/auxhook.sty
Package: auxhook 2016/05/16 v1.4 Hooks for auxiliary files (HO)
) (/usr/share/texlive/texmf-dist/tex/latex/oberdiek/kvoptions.sty
Package: kvoptions 2016/05/16 v3.12 Key value format for package options (HO)
)
\@linkdim=\dimen120
\Hy@linkcounter=\count92
\Hy@pagecounter=\count93
 (/usr/share/texlive/texmf-dist/tex/latex/hyperref/pd1enc.def
File: pd1enc.def 2018/11/30 v6.88e Hyperref: PDFDocEncoding definition (HO)
Now handling font encoding PD1 ...
... no UTF-8 mapping file for font encoding PD1
)
\Hy@SavedSpaceFactor=\count94
 (/usr/share/texlive/texmf-dist/tex/latex/latexconfig/hyperref.cfg
File: hyperref.cfg 2002/06/06 v1.2 hyperref configuration of TeXLive
)
Package hyperref Info: Hyper figures OFF on input line 4519.
Package hyperref Info: Link nesting OFF on input line 4524.
Package hyperref Info: Hyper index ON on input line 4527.
Package hyperref Info: Plain pages OFF on input line 4534.
Package hyperref Info: Backreferencing OFF on input line 4539.
Package hyperref Info: Implicit mode ON; LaTeX internals redefined.
Package hyperref Info: Bookmarks ON on input line 4772.
\c@Hy@tempcnt=\count95
 (/usr/share/texlive/texmf-dist/tex/latex/url/url.sty
\Urlmuskip=\muskip10
Package: url 2013/09/16  ver 3.4  Verb mode for urls, etc.
)
LaTeX Info: Redefining \url on input line 5125.
\XeTeXLinkMargin=\dimen121
\Fld@menulength=\count96
\Field@Width=\dimen122
\Fld@charsize=\dimen123
Package hyperref Info: Hyper figures OFF on input line 6380.
Package hyperref Info: Link nesting OFF on input line 6385.
Package hyperref Info: Hyper index ON on input line 6388.
Package hyperref Info: backreferencing OFF on input line 6395.
Package hyperref Info: Link coloring OFF on input line 6400.
Package hyperref Info: Link coloring with OCG OFF on input line 6405.
Package hyperref Info: PDF/A mode OFF on input line 6410.
LaTeX Info: Redefining \ref on input line 6450.
LaTeX Info: Redefining \pageref on input line 6454.
\Hy@abspage=\count97
\c@Item=\count98
\c@Hfootnote=\count99
)
Package hyperref Info: Driver (autodetected): hpdftex.
 (/usr/share/texlive/texmf-dist/tex/latex/hyperref/hpdftex.def
File: hpdftex.def 2018/11/30 v6.88e Hyperref driver for pdfTeX
\Fld@listcount=\count100
\c@bookmark@seq@number=\count101
 (/usr/share/texlive/texmf-dist/tex/latex/oberdiek/rerunfilecheck.sty
Package: rerunfilecheck 2016/05/16 v1.8 Rerun checks for auxiliary files (HO)
Package uniquecounter Info: New unique counter `rerunfilecheck' on input line 282.
)
\Hy@SectionHShift=\skip45
) (/usr/share/texlive/texmf-dist/tex/latex/graphics/graphicx.sty
Package: graphicx 2017/06/01 v1.1a Enhanced LaTeX Graphics (DPC,SPQR)
 (/usr/share/texlive/texmf-dist/tex/latex/graphics/graphics.sty
Package: graphics 2017/06/25 v1.2c Standard LaTeX Graphics (DPC,SPQR)
 (/usr/share/texlive/texmf-dist/tex/latex/graphics/trig.sty
Package: trig 2016/01/03 v1.10 sin cos tan (DPC)
) (/usr/share/texlive/texmf-dist/tex/latex/graphics-cfg/graphics.cfg
File: graphics.cfg 2016/06/04 v1.11 sample graphics configuration
)
Package graphics Info: Driver file: pdftex.def on input line 99.
 (/usr/share/texlive/texmf-dist/tex/latex/graphics-def/pdftex.def
File: pdftex.def 2018/01/08 v1.0l Graphics/color driver for pdftex
))
\Gin@req@height=\dimen124
\Gin@req@width=\dimen125
) (/usr/share/texlive/texmf-dist/tex/latex/xcolor/xcolor.sty
Package: xcolor 2016/05/11 v2.12 LaTeX color extensions (UK)
 (/usr/share/texlive/texmf-dist/tex/latex/graphics-cfg/color.cfg
File: color.cfg 2016/01/02 v1.6 sample color configuration
)
Package xcolor Info: Driver file: pdftex.def on input line 225.
Package xcolor Info: Model `cmy' substituted by `cmy0' on input line 1348.
Package xcolor Info: Model `hsb' substituted by `rgb' on input line 1352.
Package xcolor Info: Model `RGB' extended on input line 1364.
Package xcolor Info: Model `HTML' substituted by `rgb' on input line 1366.
Package xcolor Info: Model `Hsb' substituted by `hsb' on input line 1367.
Package xcolor Info: Model `tHsb' substituted by `hsb' on input line 1368.
Package xcolor Info: Model `HSB' substituted by `hsb' on input line 1369.
Package xcolor Info: Model `Gray' substituted by `gray' on input line 1370.
Package xcolor Info: Model `wave' substituted by `hsb' on input line 1371.
) (/usr/share/texlive/texmf-dist/tex/latex/float/float.sty
Package: float 2001/11/08 v1.3d Float enhancements (AL)
\c@float@type=\count102
\float@exts=\toks17
\float@box=\box28
\@float@everytoks=\toks18
\@floatcapt=\box29
) (/usr/share/texlive/texmf-dist/tex/generic/babel/babel.sty
Package: babel 2019/06/03 3.32 The Babel package
 (/usr/share/texlive/texmf-dist/tex/generic/babel/switch.def
File: switch.def 2019/06/03 3.32 Babel switching mechanism
) (/usr/share/texlive/texmf-dist/tex/generic/babel-portuges/portuges.ldf
Language: portuges 2008/03/18 v1.2q Portuguese support from the babel system
 (/usr/share/texlive/texmf-dist/tex/generic/babel/babel.def
File: babel.def 2019/06/03 3.32 Babel common definitions
\babel@savecnt=\count103
\U@D=\dimen126
 (/usr/share/texlive/texmf-dist/tex/generic/babel/txtbabel.def)
\bbl@dirlevel=\count104
)
\l@brazil = a dialect from \language\l@portuges 
Package babel Info: Making " an active character on input line 145.
)) (/usr/share/texlive/texmf-dist/tex/latex/base/inputenc.sty
Package: inputenc 2018/08/11 v1.3c Input encoding file
\inpenc@prehook=\toks19
\inpenc@posthook=\toks20
) (/home/ramires/GIT/Arduino-UEM/Documentação/PPC-Arduino.aux)
\openout1 = `PPC-Arduino.aux'.

LaTeX Font Info:    Checking defaults for OML/cmm/m/it on input line 26.
LaTeX Font Info:    ... okay on input line 26.
LaTeX Font Info:    Checking defaults for T1/cmr/m/n on input line 26.
LaTeX Font Info:    ... okay on input line 26.
LaTeX Font Info:    Checking defaults for OT1/cmr/m/n on input line 26.
LaTeX Font Info:    ... okay on input line 26.
LaTeX Font Info:    Checking defaults for OMS/cmsy/m/n on input line 26.
LaTeX Font Info:    ... okay on input line 26.
LaTeX Font Info:    Checking defaults for OMX/cmex/m/n on input line 26.
LaTeX Font Info:    ... okay on input line 26.
LaTeX Font Info:    Checking defaults for U/cmr/m/n on input line 26.
LaTeX Font Info:    ... okay on input line 26.
LaTeX Font Info:    Checking defaults for PD1/pdf/m/n on input line 26.
LaTeX Font Info:    ... okay on input line 26.
LaTeX Font Info:    Try loading font information for OT1+ptm on input line 26.
 (/usr/share/texlive/texmf-dist/tex/latex/psnfss/ot1ptm.fd
File: ot1ptm.fd 2001/06/04 font definitions for OT1/ptm.
)
*geometry* driver: auto-detecting
*geometry* detected driver: pdftex
*geometry* verbose mode - [ preamble ] result:
* driver: pdftex
* paper: a4paper
* layout: <same size as paper>
* layoutoffset:(h,v)=(0.0pt,0.0pt)
* modes: 
* h-part:(L,W,R)=(85.35826pt, 426.79135pt, 85.35826pt)
* v-part:(T,H,B)=(99.58464pt, 674.33032pt, 71.13188pt)
* \paperwidth=597.50787pt
* \paperheight=845.04684pt
* \textwidth=426.79135pt
* \textheight=674.33032pt
* \oddsidemargin=13.08827pt
* \evensidemargin=13.08827pt
* \topmargin=-9.68535pt
* \headheight=12.0pt
* \headsep=25.0pt
* \topskip=12.0pt
* \footskip=30.0pt
* \marginparwidth=44.0pt
* \marginparsep=10.0pt
* \columnsep=10.0pt
* \skip\footins=10.8pt plus 4.0pt minus 2.0pt
* \hoffset=0.0pt
* \voffset=0.0pt
* \mag=1000
* \@twocolumnfalse
* \@twosidefalse
* \@mparswitchfalse
* \@reversemarginfalse
* (1in=72.27pt=25.4mm, 1cm=28.453pt)

\AtBeginShipoutBox=\box30
Package hyperref Info: Link coloring OFF on input line 26.
(/usr/share/texlive/texmf-dist/tex/latex/hyperref/nameref.sty
Package: nameref 2016/05/21 v2.44 Cross-referencing by name of section
 (/usr/share/texlive/texmf-dist/tex/generic/oberdiek/gettitlestring.sty
Package: gettitlestring 2016/05/16 v1.5 Cleanup title references (HO)
)
\c@section@level=\count105
)
LaTeX Info: Redefining \ref on input line 26.
LaTeX Info: Redefining \pageref on input line 26.
LaTeX Info: Redefining \nameref on input line 26.
 (/home/ramires/GIT/Arduino-UEM/Documentação/PPC-Arduino.out) (/home/ramires/GIT/Arduino-UEM/Documentação/PPC-Arduino.out)
\@outlinefile=\write3
\openout3 = `PPC-Arduino.out'.

 (/usr/share/texlive/texmf-dist/tex/context/base/mkii/supp-pdf.mkii
[Loading MPS to PDF converter (version 2006.09.02).]
\scratchcounter=\count106
\scratchdimen=\dimen127
\scratchbox=\box31
\nofMPsegments=\count107
\nofMParguments=\count108
\everyMPshowfont=\toks21
\MPscratchCnt=\count109
\MPscratchDim=\dimen128
\MPnumerator=\count110
\makeMPintoPDFobject=\count111
\everyMPtoPDFconversion=\toks22
) (/usr/share/texlive/texmf-dist/tex/latex/oberdiek/epstopdf-base.sty
Package: epstopdf-base 2016/05/15 v2.6 Base part for package epstopdf
 (/usr/share/texlive/texmf-dist/tex/latex/oberdiek/grfext.sty
Package: grfext 2016/05/16 v1.2 Manage graphics extensions (HO)
)
Package epstopdf-base Info: Redefining graphics rule for `.eps' on input line 438.
Package grfext Info: Graphics extension search list:
(grfext)             [.pdf,.png,.jpg,.mps,.jpeg,.jbig2,.jb2,.PDF,.PNG,.JPG,.JPEG,.JBIG2,.JB2,.eps]
(grfext)             \AppendGraphicsExtensions on input line 456.
 (/usr/share/texlive/texmf-dist/tex/latex/latexconfig/epstopdf-sys.cfg
File: epstopdf-sys.cfg 2010/07/13 v1.3 Configuration of (r)epstopdf for TeX Live
))
LaTeX Font Info:    Font shape `OT1/ptm/bx/n' in size <16> not available
(Font)              Font shape `OT1/ptm/b/n' tried instead on input line 29.
LaTeX Font Info:    Font shape `OT1/ptm/bx/n' in size <12> not available
(Font)              Font shape `OT1/ptm/b/n' tried instead on input line 29.
LaTeX Font Info:    External font `cmex10' loaded for size
(Font)              <12> on input line 29.
LaTeX Font Info:    External font `cmex10' loaded for size
(Font)              <8> on input line 29.
LaTeX Font Info:    External font `cmex10' loaded for size
(Font)              <6> on input line 29.
LaTeX Font Info:    Try loading font information for OT1+pcr on input line 29.
 (/usr/share/texlive/texmf-dist/tex/latex/psnfss/ot1pcr.fd
File: ot1pcr.fd 2001/06/04 font definitions for OT1/pcr.
)
LaTeX Font Info:    Font shape `OT1/ptm/bx/n' in size <13> not available
(Font)              Font shape `OT1/ptm/b/n' tried instead on input line 30.
<Imagens/telaIDE.png, id=85, 1028.34187pt x 559.33969pt>
File: Imagens/telaIDE.png Graphic file (type png)
<use Imagens/telaIDE.png>
Package pdftex.def Info: Imagens/telaIDE.png  used on input line 45.
(pdftex.def)             Requested size: 205.66473pt x 111.86595pt.
LaTeX Font Info:    Try loading font information for OT1+phv on input line 46.
 (/usr/share/texlive/texmf-dist/tex/latex/psnfss/ot1phv.fd
File: ot1phv.fd 2001/06/04 scalable font definitions for OT1/phv.
)
LaTeX Font Info:    Font shape `OT1/phv/bx/n' in size <10> not available
(Font)              Font shape `OT1/phv/b/n' tried instead on input line 46.
 [1

{/var/lib/texmf/fonts/map/pdftex/updmap/pdftex.map}pdfTeX warning (ext4): destination with the same identifier (name{figure.1}) has been already used, duplicate ignored

\AtBegShi@Output ...ipout \box \AtBeginShipoutBox 
                                                  \fi \fi 
l.59 	\item[Servo Motor]
                         Micro Servo 9g; </home/ramires/GIT/Arduino-UEM/Documentação/Imagens/telaIDE.png (PNG copy)>]
<Imagens/kit.png, id=99, 803.0pt x 622.325pt>
File: Imagens/kit.png Graphic file (type png)
<use Imagens/kit.png>
Package pdftex.def Info: Imagens/kit.png  used on input line 86.
(pdftex.def)             Requested size: 200.74951pt x 155.58086pt.
<Imagens/figEstrutura.png, id=102, 146.04562pt x 82.05656pt>
File: Imagens/figEstrutura.png Graphic file (type png)
<use Imagens/figEstrutura.png>
Package pdftex.def Info: Imagens/figEstrutura.png  used on input line 99.
(pdftex.def)             Requested size: 146.04524pt x 82.05635pt.
 [2pdfTeX warning (ext4): destination with the same identifier (name{figure.2}) has been already used, duplicate ignored

\AtBegShi@Output ...ipout \box \AtBeginShipoutBox 
                                                  \fi \fi 
l.103 
       </home/ramires/GIT/Arduino-UEM/Documentação/Imagens/kit.png>]
<Imagens/carregarIDE.png, id=111, 98.61844pt x 22.58438pt>
File: Imagens/carregarIDE.png Graphic file (type png)
<use Imagens/carregarIDE.png>
Package pdftex.def Info: Imagens/carregarIDE.png  used on input line 114.
(pdftex.def)             Requested size: 98.61818pt x 22.5843pt.
<Imagens/figProtoboard.png, id=115, 321.45094pt x 211.54031pt>
File: Imagens/figProtoboard.png Graphic file (type png)
<use Imagens/figProtoboard.png>
Package pdftex.def Info: Imagens/figProtoboard.png  used on input line 135.
(pdftex.def)             Requested size: 160.72507pt x 105.76988pt.
LaTeX Font Info:    Font shape `OT1/phv/bx/it' in size <10> not available
(Font)              Font shape `OT1/phv/b/it' tried instead on input line 136.
LaTeX Font Info:    Font shape `OT1/phv/b/it' in size <10> not available
(Font)              Font shape `OT1/phv/b/sl' tried instead on input line 136.
 [3pdfTeX warning (ext4): destination with the same identifier (name{figure.3}) has been already used, duplicate ignored

\AtBegShi@Output ...ipout \box \AtBeginShipoutBox 
                                                  \fi \fi 
l.139 
      pdfTeX warning (ext4): destination with the same identifier (name{figure.4}) has been already used, duplicate ignored

\AtBegShi@Output ...ipout \box \AtBeginShipoutBox 
                                                  \fi \fi 
l.139 
       </home/ramires/GIT/Arduino-UEM/Documentação/Imagens/figEstrutura.png (PNG copy)> </home/ramires/GIT/Arduino-UEM/Documentação/Imagens/carregarIDE.png>]
<Imagens/Experimentos/1-PiscarLED/1-PiscarLED.png, id=124, 791.20593pt x 232.61906pt>
File: Imagens/Experimentos/1-PiscarLED/1-PiscarLED.png Graphic file (type png)
<use Imagens/Experimentos/1-PiscarLED/1-PiscarLED.png>
Package pdftex.def Info: Imagens/Experimentos/1-PiscarLED/1-PiscarLED.png  used on input line 144.
(pdftex.def)             Requested size: 237.3636pt x 69.78625pt.
<Imagens/Experimentos/1-PiscarLED/1-PiscarLEDcod.png, id=126, 257.46187pt x 248.42813pt>
File: Imagens/Experimentos/1-PiscarLED/1-PiscarLEDcod.png Graphic file (type png)
<use Imagens/Experimentos/1-PiscarLED/1-PiscarLEDcod.png>
Package pdftex.def Info: Imagens/Experimentos/1-PiscarLED/1-PiscarLEDcod.png  used on input line 155.
(pdftex.def)             Requested size: 180.22206pt x 173.8985pt.
 [4pdfTeX warning (ext4): destination with the same identifier (name{figure.5}) has been already used, duplicate ignored

\AtBegShi@Output ...ipout \box \AtBeginShipoutBox 
                                                  \fi \fi 
l.163 	O
         potenciômetro é um resistor capaz de variar sua resistencia, para...pdfTeX warning (ext4): destination with the same identifier (name{figure.6}) has been already used, duplicate ignored

\AtBegShi@Output ...ipout \box \AtBeginShipoutBox 
                                                  \fi \fi 
l.163 	O
         potenciômetro é um resistor capaz de variar sua resistencia, para...pdfTeX warning (ext4): destination with the same identifier (name{figure.7}) has been already used, duplicate ignored

\AtBegShi@Output ...ipout \box \AtBeginShipoutBox 
                                                  \fi \fi 
l.163 	O
         potenciômetro é um resistor capaz de variar sua resistencia, para... </home/ramires/GIT/Arduino-UEM/Documentação/Imagens/figProtoboard.png (PNG copy)> </home/ramires/GIT/Arduino-UEM/Documentação/Imagens/Experimentos/1-PiscarLED/1-PiscarLED.png (PNG copy)> </home/ramires/GIT/Arduino-UEM/Documentação/Imagens/Experimentos/1-PiscarLED/1-PiscarLEDcod.png (PNG copy)>]
<Imagens/Experimentos/2-brilhoLED/2-brilhoLEDesq.png, id=136, 499.8675pt x 228.10219pt>
File: Imagens/Experimentos/2-brilhoLED/2-brilhoLEDesq.png Graphic file (type png)
<use Imagens/Experimentos/2-brilhoLED/2-brilhoLEDesq.png>
Package pdftex.def Info: Imagens/Experimentos/2-brilhoLED/2-brilhoLEDesq.png  used on input line 169.
(pdftex.def)             Requested size: 199.94345pt x 91.23924pt.
<Imagens/Experimentos/2-brilhoLED/2-brilhoLEDcod.png, id=138, 497.60907pt x 211.54031pt>
File: Imagens/Experimentos/2-brilhoLED/2-brilhoLEDcod.png Graphic file (type png)
<use Imagens/Experimentos/2-brilhoLED/2-brilhoLEDcod.png>
Package pdftex.def Info: Imagens/Experimentos/2-brilhoLED/2-brilhoLEDcod.png  used on input line 180.
(pdftex.def)             Requested size: 298.56773pt x 126.92516pt.
<Imagens/Experimentos/3-LDR-LEDGraph/3-LDR-LEDGraphEsq.png, id=140, 502.87875pt x 249.93375pt>
File: Imagens/Experimentos/3-LDR-LEDGraph/3-LDR-LEDGraphEsq.png Graphic file (type png)
<use Imagens/Experimentos/3-LDR-LEDGraph/3-LDR-LEDGraphEsq.png>
Package pdftex.def Info: Imagens/Experimentos/3-LDR-LEDGraph/3-LDR-LEDGraphEsq.png  used on input line 194.
(pdftex.def)             Requested size: 201.14793pt x 99.97173pt.
 [5pdfTeX warning (ext4): destination with the same identifier (name{figure.8}) has been already used, duplicate ignored

\AtBegShi@Output ...ipout \box \AtBeginShipoutBox 
                                                  \fi \fi 
l.198 
      pdfTeX warning (ext4): destination with the same identifier (name{figure.9}) has been already used, duplicate ignored

\AtBegShi@Output ...ipout \box \AtBeginShipoutBox 
                                                  \fi \fi 
l.198 
       </home/ramires/GIT/Arduino-UEM/Documentação/Imagens/Experimentos/2-brilhoLED/2-brilhoLEDesq.png (PNG copy)> </home/ramires/GIT/Arduino-UEM/Documentação/Imagens/Experimentos/2-brilhoLED/2-brilhoLEDcod.png (PNG copy)>]
<Imagens/Experimentos/3-LDR-LEDGraph/codigo.png, id=148, 371.88937pt x 378.66469pt>
File: Imagens/Experimentos/3-LDR-LEDGraph/codigo.png Graphic file (type png)
<use Imagens/Experimentos/3-LDR-LEDGraph/codigo.png>
Package pdftex.def Info: Imagens/Experimentos/3-LDR-LEDGraph/codigo.png  used on input line 203.
(pdftex.def)             Requested size: 145.03627pt x 147.67862pt.
<Imagens/Experimentos/4-Display7Seg/7segmentos.png, id=151, 131.74219pt x 147.55125pt>
File: Imagens/Experimentos/4-Display7Seg/7segmentos.png Graphic file (type png)
<use Imagens/Experimentos/4-Display7Seg/7segmentos.png>
Package pdftex.def Info: Imagens/Experimentos/4-Display7Seg/7segmentos.png  used on input line 213.
(pdftex.def)             Requested size: 65.87093pt x 73.77544pt.
<Imagens/Experimentos/4-Display7Seg/pinosDisplay.png, id=153, 102.3825pt x 184.43906pt>
File: Imagens/Experimentos/4-Display7Seg/pinosDisplay.png Graphic file (type png)
<use Imagens/Experimentos/4-Display7Seg/pinosDisplay.png>
Package pdftex.def Info: Imagens/Experimentos/4-Display7Seg/pinosDisplay.png  used on input line 224.
(pdftex.def)             Requested size: 51.19112pt x 92.2193pt.
 [6pdfTeX warning (ext4): destination with the same identifier (name{figure.10}) has been already used, duplicate ignored

\AtBegShi@Output ...ipout \box \AtBeginShipoutBox 
                                                  \fi \fi 
l.228 
      pdfTeX warning (ext4): destination with the same identifier (name{figure.11}) has been already used, duplicate ignored

\AtBegShi@Output ...ipout \box \AtBeginShipoutBox 
                                                  \fi \fi 
l.228 
      pdfTeX warning (ext4): destination with the same identifier (name{figure.12}) has been already used, duplicate ignored

\AtBegShi@Output ...ipout \box \AtBeginShipoutBox 
                                                  \fi \fi 
l.228 
       </home/ramires/GIT/Arduino-UEM/Documentação/Imagens/Experimentos/3-LDR-LEDGraph/3-LDR-LEDGraphEsq.png (PNG copy)> </home/ramires/GIT/Arduino-UEM/Documentação/Imagens/Experimentos/3-LDR-LEDGraph/codigo.png (PNG copy)> </home/ramires/GIT/Arduino-UEM/Documentação/Imagens/Experimentos/4-Display7Seg/7segmentos.png (PNG copy)>]
<Imagens/Experimentos/4-Display7Seg/esquematico.png, id=165, 505.89pt x 299.61937pt>
File: Imagens/Experimentos/4-Display7Seg/esquematico.png Graphic file (type png)
<use Imagens/Experimentos/4-Display7Seg/esquematico.png>
Package pdftex.def Info: Imagens/Experimentos/4-Display7Seg/esquematico.png  used on input line 235.
(pdftex.def)             Requested size: 151.76816pt x 89.8865pt.
<Imagens/Experimentos/4-Display7Seg/codigoBotao.png, id=167, 313.9228pt x 152.06813pt>
File: Imagens/Experimentos/4-Display7Seg/codigoBotao.png Graphic file (type png)
<use Imagens/Experimentos/4-Display7Seg/codigoBotao.png>
Package pdftex.def Info: Imagens/Experimentos/4-Display7Seg/codigoBotao.png  used on input line 244.
(pdftex.def)             Requested size: 204.0474pt x 98.8431pt.
<Imagens/Experimentos/5-LEDMatrix/pinosMatriz.png, id=170, 112.92188pt x 169.38281pt>
File: Imagens/Experimentos/5-LEDMatrix/pinosMatriz.png Graphic file (type png)
<use Imagens/Experimentos/5-LEDMatrix/pinosMatriz.png>
Package pdftex.def Info: Imagens/Experimentos/5-LEDMatrix/pinosMatriz.png  used on input line 258.
(pdftex.def)             Requested size: 79.04475pt x 118.56714pt.
 [7pdfTeX warning (ext4): destination with the same identifier (name{figure.13}) has been already used, duplicate ignored

\AtBegShi@Output ...ipout \box \AtBeginShipoutBox 
                                                  \fi \fi 
l.262 
      pdfTeX warning (ext4): destination with the same identifier (name{figure.14}) has been already used, duplicate ignored

\AtBegShi@Output ...ipout \box \AtBeginShipoutBox 
                                                  \fi \fi 
l.262 
      pdfTeX warning (ext4): destination with the same identifier (name{figure.15}) has been already used, duplicate ignored

\AtBegShi@Output ...ipout \box \AtBeginShipoutBox 
                                                  \fi \fi 
l.262 
       </home/ramires/GIT/Arduino-UEM/Documentação/Imagens/Experimentos/4-Display7Seg/pinosDisplay.png (PNG copy)> </home/ramires/GIT/Arduino-UEM/Documentação/Imagens/Experimentos/4-Display7Seg/esquematico.png (PNG copy)> </home/ramires/GIT/Arduino-UEM/Documentação/Imagens/Experimentos/4-Display7Seg/codigoBotao.png (PNG copy)>]
<Imagens/Experimentos/5-LEDMatrix/pinosJoy.png, id=183, 125.71968pt x 164.11313pt>
File: Imagens/Experimentos/5-LEDMatrix/pinosJoy.png Graphic file (type png)
<use Imagens/Experimentos/5-LEDMatrix/pinosJoy.png>
Package pdftex.def Info: Imagens/Experimentos/5-LEDMatrix/pinosJoy.png  used on input line 307.
(pdftex.def)             Requested size: 88.00316pt x 114.87839pt.

Underfull \vbox (badness 10000) has occurred while \output is active []

 [8pdfTeX warning (ext4): destination with the same identifier (name{figure.16}) has been already used, duplicate ignored

\AtBegShi@Output ...ipout \box \AtBeginShipoutBox 
                                                  \fi \fi 
l.311 
      pdfTeX warning (ext4): destination with the same identifier (name{table.1}) has been already used, duplicate ignored

\AtBegShi@Output ...ipout \box \AtBeginShipoutBox 
                                                  \fi \fi 
l.311 
      pdfTeX warning (ext4): destination with the same identifier (name{table.2}) has been already used, duplicate ignored

\AtBegShi@Output ...ipout \box \AtBeginShipoutBox 
                                                  \fi \fi 
l.311 
       </home/ramires/GIT/Arduino-UEM/Documentação/Imagens/Experimentos/5-LEDMatrix/pinosMatriz.png>]
<Imagens/Experimentos/6-SensorDistancia/esquematico.png, id=194, 478.03593pt x 274.77657pt>
File: Imagens/Experimentos/6-SensorDistancia/esquematico.png Graphic file (type png)
<use Imagens/Experimentos/6-SensorDistancia/esquematico.png>
Package pdftex.def Info: Imagens/Experimentos/6-SensorDistancia/esquematico.png  used on input line 331.
(pdftex.def)             Requested size: 286.82376pt x 164.8672pt.

Underfull \vbox (badness 10000) has occurred while \output is active []

 [9pdfTeX warning (ext4): destination with the same identifier (name{figure.17}) has been already used, duplicate ignored

\AtBegShi@Output ...ipout \box \AtBeginShipoutBox 
                                                  \fi \fi 
l.335 
       </home/ramires/GIT/Arduino-UEM/Documentação/Imagens/Experimentos/5-LEDMatrix/pinosJoy.png>]
<Imagens/Experimentos/7-LED-RGB/esq.png, id=203, 505.13719pt x 241.65282pt>
File: Imagens/Experimentos/7-LED-RGB/esq.png Graphic file (type png)
<use Imagens/Experimentos/7-LED-RGB/esq.png>
Package pdftex.def Info: Imagens/Experimentos/7-LED-RGB/esq.png  used on input line 347.
(pdftex.def)             Requested size: 303.08466pt x 144.9928pt.
 [10pdfTeX warning (ext4): destination with the same identifier (name{figure.18}) has been already used, duplicate ignored

\AtBegShi@Output ...ipout \box \AtBeginShipoutBox 
                                                  \fi \fi 
l.355 O
        esquemático do circuito deste experimento pode ser visto na Figura ...pdfTeX warning (ext4): destination with the same identifier (name{figure.19}) has been already used, duplicate ignored

\AtBegShi@Output ...ipout \box \AtBeginShipoutBox 
                                                  \fi \fi 
l.355 O
        esquemático do circuito deste experimento pode ser visto na Figura ... </home/ramires/GIT/Arduino-UEM/Documentação/Imagens/Experimentos/6-SensorDistancia/esquematico.png (PNG copy)> </home/ramires/GIT/Arduino-UEM/Documentação/Imagens/Experimentos/7-LED-RGB/esq.png (PNG copy)>]
<Imagens/Experimentos/8-SensorPresenca/esq.png, id=210, 505.13719pt x 290.58563pt>
File: Imagens/Experimentos/8-SensorPresenca/esq.png Graphic file (type png)
<use Imagens/Experimentos/8-SensorPresenca/esq.png>
Package pdftex.def Info: Imagens/Experimentos/8-SensorPresenca/esq.png  used on input line 359.
(pdftex.def)             Requested size: 252.56798pt x 145.29245pt.
<Imagens/Experimentos/9-ControleRemoto/esq.png, id=212, 495.35063pt x 192.72pt>
File: Imagens/Experimentos/9-ControleRemoto/esq.png Graphic file (type png)
<use Imagens/Experimentos/9-ControleRemoto/esq.png>
Package pdftex.def Info: Imagens/Experimentos/9-ControleRemoto/esq.png  used on input line 375.
(pdftex.def)             Requested size: 297.21268pt x 115.63287pt.
 [11pdfTeX warning (ext4): destination with the same identifier (name{figure.20}) has been already used, duplicate ignored

\AtBegShi@Output ...ipout \box \AtBeginShipoutBox 
                                                  \fi \fi 
l.382 
      pdfTeX warning (ext4): destination with the same identifier (name{figure.21}) has been already used, duplicate ignored

\AtBegShi@Output ...ipout \box \AtBeginShipoutBox 
                                                  \fi \fi 
l.382 
       </home/ramires/GIT/Arduino-UEM/Documentação/Imagens/Experimentos/8-SensorPresenca/esq.png (PNG copy)> </home/ramires/GIT/Arduino-UEM/Documentação/Imagens/Experimentos/9-ControleRemoto/esq.png (PNG copy)>]
<Imagens/Experimentos/11-ServoMotor/esq.png, id=220, 493.0922pt x 243.15843pt>
File: Imagens/Experimentos/11-ServoMotor/esq.png Graphic file (type png)
<use Imagens/Experimentos/11-ServoMotor/esq.png>
Package pdftex.def Info: Imagens/Experimentos/11-ServoMotor/esq.png  used on input line 396.
(pdftex.def)             Requested size: 246.54549pt x 121.57892pt.
<Imagens/Experimentos/12-SensorTemperatura/dht11.png, id=222, 205.5178pt x 182.18062pt>
File: Imagens/Experimentos/12-SensorTemperatura/dht11.png Graphic file (type png)
<use Imagens/Experimentos/12-SensorTemperatura/dht11.png>
Package pdftex.def Info: Imagens/Experimentos/12-SensorTemperatura/dht11.png  used on input line 408.
(pdftex.def)             Requested size: 102.75865pt x 91.09007pt.

Underfull \vbox (badness 10000) has occurred while \output is active []

 [12pdfTeX warning (ext4): destination with the same identifier (name{figure.22}) has been already used, duplicate ignored

\AtBegShi@Output ...ipout \box \AtBeginShipoutBox 
                                                  \fi \fi 
l.412 
       </home/ramires/GIT/Arduino-UEM/Documentação/Imagens/Experimentos/11-ServoMotor/esq.png (PNG copy)>]
<Imagens/Experimentos/12-SensorTemperatura/7seg.png, id=230, 1043.9pt x 598.235pt>
File: Imagens/Experimentos/12-SensorTemperatura/7seg.png Graphic file (type png)
<use Imagens/Experimentos/12-SensorTemperatura/7seg.png>
Package pdftex.def Info: Imagens/Experimentos/12-SensorTemperatura/7seg.png  used on input line 419.
(pdftex.def)             Requested size: 156.57823pt x 89.73137pt.
 (/home/ramires/GIT/Arduino-UEM/Documentação/PPC-Arduino.bbl [13pdfTeX warning (ext4): destination with the same identifier (name{figure.23}) has been already used, duplicate ignored

\AtBegShi@Output ...ipout \box \AtBeginShipoutBox 
                                                  \fi \fi 
l.12 
     pdfTeX warning (ext4): destination with the same identifier (name{figure.24}) has been already used, duplicate ignored

\AtBegShi@Output ...ipout \box \AtBeginShipoutBox 
                                                  \fi \fi 
l.12 
     pdfTeX warning (ext4): destination with the same identifier (name{table.3}) has been already used, duplicate ignored

\AtBegShi@Output ...ipout \box \AtBeginShipoutBox 
                                                  \fi \fi 
l.12 
      </home/ramires/GIT/Arduino-UEM/Documentação/Imagens/Experimentos/12-SensorTemperatura/dht11.png (PNG copy)> </home/ramires/GIT/Arduino-UEM/Documentação/Imagens/Experimentos/12-SensorTemperatura/7seg.png>])
Package atveryend Info: Empty hook `BeforeClearDocument' on input line 453.
 [14]
Package atveryend Info: Empty hook `AfterLastShipout' on input line 453.
 (/home/ramires/GIT/Arduino-UEM/Documentação/PPC-Arduino.aux)
Package atveryend Info: Executing hook `AtVeryEndDocument' on input line 453.
Package atveryend Info: Executing hook `AtEndAfterFileList' on input line 453.
Package rerunfilecheck Info: File `PPC-Arduino.out' has not changed.
(rerunfilecheck)             Checksum: 20693F6C14583ACDA3DA001B70825391;1247.
Package atveryend Info: Empty hook `AtVeryVeryEnd' on input line 453.
 ) 
Here is how much of TeX's memory you used:
 7319 strings out of 492609
 109554 string characters out of 6131461
 219804 words of memory out of 5000000
 11055 multiletter control sequences out of 15000+600000
 21163 words of font info for 44 fonts, out of 8000000 for 9000
 1141 hyphenation exceptions out of 8191
 30i,8n,35p,723b,430s stack positions out of 5000i,500n,10000p,200000b,80000s
{/usr/share/texlive/texmf-dist/fonts/enc/dvips/base/8r.enc}</usr/share/texlive/texmf-dist/fonts/type1/public/amsfonts/cm/cmr12.pfb></usr/share/texlive/texmf-dist/fonts/type1/public/amsfonts/cm/cmr8.pfb></usr/share/texlive/texmf-dist/fonts/type1/public/amsfonts/cm/cmsy10.pfb></usr/share/texlive/texmf-dist/fonts/type1/urw/courier/ucrr8a.pfb></usr/share/texlive/texmf-dist/fonts/type1/urw/helvetic/uhvb8a.pfb></usr/share/texlive/texmf-dist/fonts/type1/urw/helvetic/uhvbo8a.pfb></usr/share/texlive/texmf-dist/fonts/type1/urw/times/utmb8a.pfb></usr/share/texlive/texmf-dist/fonts/type1/urw/times/utmr8a.pfb></usr/share/texlive/texmf-dist/fonts/type1/urw/times/utmri8a.pfb>
Output written on /home/ramires/GIT/Arduino-UEM/Documentação/PPC-Arduino.pdf (14 pages, 1844789 bytes).
PDF statistics:
 292 PDF objects out of 1000 (max. 8388607)
 237 compressed objects within 3 object streams
 65 named destinations out of 1000 (max. 500000)
 281 words of extra memory for PDF output out of 10000 (max. 10000000)

